<?xml version="1.0" encoding="UTF-8"?>
<!-- Generated by org.testng.reporters.JUnitXMLReporter -->
<testsuite ignored="0" hostname="DESKTOP-3HMNV2I" failures="0" tests="2" name="Default test" time="3.018" errors="0" timestamp="2023-07-07T21:37:58 GMT-05:00">
  <testcase classname="org.testing.rest.BDD.GetAllValueinObject" name="getall" time="2.857"/>
  <testcase classname="org.testing.rest.BDD.GetAllValueinObject" name="getallDetailsinJSONfile" time="0.086"/>
</testsuite> <!-- Default test -->
